android/app/build/intermediates/manifest_merge_blame_file/debug/manifest-merger-blame-debug-report.txt
1<?xml version="1.0" encoding="utf-8"?>
2<manifest xmlns:android="http://schemas.android.com/apk/res/android"
3    package="clirn.app.rnnbug"
4    android:versionCode="1"
5    android:versionName="1.0" >
6
7    <uses-sdk
8        android:minSdkVersion="21"
9        android:targetSdkVersion="29" />
10
11    <uses-permission android:name="android.permission.SYSTEM_ALERT_WINDOW" />
11-->src/debug/AndroidManifest.xml:5:5-77
11-->src/debug/AndroidManifest.xml:5:22-75
12    <uses-permission android:name="android.permission.INTERNET" />
12-->src/main/AndroidManifest.xml:5:5-67
12-->src/main/AndroidManifest.xml:5:22-64
13    <uses-permission android:name="android.permission.ACCESS_WIFI_STATE" />
13-->[com.facebook.flipper:flipper:0.54.0] AndroidManifest.xml:16:5-76
13-->[com.facebook.flipper:flipper:0.54.0] AndroidManifest.xml:16:22-73
14    <uses-permission android:name="android.permission.ACCESS_NETWORK_STATE" />
14-->[:expo-updates] AndroidManifest.xml:11:5-79
14-->[:expo-updates] AndroidManifest.xml:11:22-76
15    <uses-permission android:name="android.permission.WRITE_EXTERNAL_STORAGE" />
15-->[:expo-file-system] AndroidManifest.xml:13:5-81
15-->[:expo-file-system] AndroidManifest.xml:13:22-78
16    <uses-permission android:name="android.permission.READ_EXTERNAL_STORAGE" />
16-->[:expo-file-system] AndroidManifest.xml:14:5-80
16-->[:expo-file-system] AndroidManifest.xml:14:22-77
17    <uses-permission android:name="android.permission.ACCESS_COARSE_LOCATION" />
17-->[:expo-location] AndroidManifest.xml:11:5-81
17-->[:expo-location] AndroidManifest.xml:11:22-78
18    <uses-permission android:name="android.permission.ACCESS_FINE_LOCATION" />
18-->[:expo-location] AndroidManifest.xml:12:5-79
18-->[:expo-location] AndroidManifest.xml:12:22-76
19    <uses-permission android:name="android.permission.FOREGROUND_SERVICE" /> <!-- Required by older versions of Google Play services to create IID tokens -->
19-->[:expo-location] AndroidManifest.xml:13:5-77
19-->[:expo-location] AndroidManifest.xml:13:22-74
20    <uses-permission android:name="com.google.android.c2dm.permission.RECEIVE" />
20-->[com.google.android.gms:play-services-iid:17.0.0] AndroidManifest.xml:23:5-82
20-->[com.google.android.gms:play-services-iid:17.0.0] AndroidManifest.xml:23:22-79
21    <uses-permission android:name="android.permission.WAKE_LOCK" />
21-->[com.google.firebase:firebase-iid:20.2.0] AndroidManifest.xml:24:5-68
21-->[com.google.firebase:firebase-iid:20.2.0] AndroidManifest.xml:24:22-65
22    <uses-permission android:name="com.google.android.finsky.permission.BIND_GET_INSTALL_REFERRER_SERVICE" />
22-->[com.android.installreferrer:installreferrer:1.1.2] AndroidManifest.xml:9:5-110
22-->[com.android.installreferrer:installreferrer:1.1.2] AndroidManifest.xml:9:22-107
23    <uses-permission android:name="com.google.android.providers.gsf.permission.READ_GSERVICES" />
23-->[io.nlopez.smartlocation:library:3.2.11] AndroidManifest.xml:15:5-98
23-->[io.nlopez.smartlocation:library:3.2.11] AndroidManifest.xml:15:22-95
24    <uses-permission android:name="com.google.android.gms.permission.ACTIVITY_RECOGNITION" />
24-->[io.nlopez.smartlocation:library:3.2.11] AndroidManifest.xml:16:5-94
24-->[io.nlopez.smartlocation:library:3.2.11] AndroidManifest.xml:16:22-91
25
26    <application
26-->src/main/AndroidManifest.xml:7:5-53:19
27        android:name="clirn.app.rnnbug.MainApplication"
27-->src/main/AndroidManifest.xml:8:7-38
28        android:allowBackup="false"
28-->src/main/AndroidManifest.xml:12:7-34
29        android:appComponentFactory="androidx.core.app.CoreComponentFactory"
29-->[androidx.core:core:1.3.1] AndroidManifest.xml:24:18-86
30        android:debuggable="true"
31        android:icon="@mipmap/ic_launcher"
31-->src/main/AndroidManifest.xml:10:7-41
32        android:label="@string/app_name"
32-->src/main/AndroidManifest.xml:9:7-39
33        android:roundIcon="@mipmap/ic_launcher_round"
33-->src/main/AndroidManifest.xml:11:7-52
34        android:theme="@style/AppTheme"
34-->src/main/AndroidManifest.xml:13:7-38
35        android:usesCleartextTraffic="true" >
35-->src/debug/AndroidManifest.xml:7:18-53
36        <meta-data
36-->src/main/AndroidManifest.xml:15:9-126
37            android:name="expo.modules.updates.EXPO_UPDATE_URL"
37-->src/main/AndroidManifest.xml:15:20-71
38            android:value="https://exp.host/@username/app-slug" />
38-->src/main/AndroidManifest.xml:15:72-123
39        <meta-data
39-->src/main/AndroidManifest.xml:16:9-98
40            android:name="expo.modules.updates.EXPO_SDK_VERSION"
40-->src/main/AndroidManifest.xml:16:20-72
41            android:value="40.0.0" />
41-->src/main/AndroidManifest.xml:16:73-95
42        <meta-data
42-->src/main/AndroidManifest.xml:17:9-19:33
43            android:name="expo.modules.updates.ENABLED"
43-->src/main/AndroidManifest.xml:18:11-54
44            android:value="true" />
44-->src/main/AndroidManifest.xml:19:11-31
45        <meta-data
45-->src/main/AndroidManifest.xml:20:9-22:34
46            android:name="expo.modules.updates.EXPO_UPDATES_CHECK_ON_LAUNCH"
46-->src/main/AndroidManifest.xml:21:11-75
47            android:value="NEVER" />
47-->src/main/AndroidManifest.xml:22:11-32
48        <meta-data
48-->src/main/AndroidManifest.xml:23:9-25:30
49            android:name="expo.modules.updates.EXPO_UPDATES_LAUNCH_WAIT_MS"
49-->src/main/AndroidManifest.xml:24:11-74
50            android:value="0" />
50-->src/main/AndroidManifest.xml:25:11-28
51        <meta-data
51-->src/main/AndroidManifest.xml:27:9-99
52            android:name="expo.modules.updates.EXPO_RELEASE_CHANNEL"
52-->src/main/AndroidManifest.xml:27:20-76
53            android:value="dev" />
53-->src/main/AndroidManifest.xml:27:77-96
54        <!--
55 Set custom default icon. This is used when no icon is set for incoming notification messages.
56            See README(https://goo.gl/l4GJaQ) for more.
57        -->
58        <meta-data
58-->src/main/AndroidManifest.xml:31:9-33:60
59            android:name="com.google.firebase.messaging.default_notification_icon"
59-->src/main/AndroidManifest.xml:32:11-81
60            android:resource="@drawable/notification_icon" />
60-->src/main/AndroidManifest.xml:33:11-57
61        <!--
62 Set color used with incoming notification messages. This is used when no color is set for the incoming
63                  notification message. See README(https://goo.gl/6BKBk7) for more.
64        -->
65        <meta-data
65-->src/main/AndroidManifest.xml:36:9-38:51
66            android:name="com.google.firebase.messaging.default_notification_color"
66-->src/main/AndroidManifest.xml:37:11-82
67            android:resource="@color/colorAccent" />
67-->src/main/AndroidManifest.xml:38:11-48
68
69        <activity
69-->src/main/AndroidManifest.xml:40:3-50:20
70            android:name="clirn.app.rnnbug.MainActivity"
70-->src/main/AndroidManifest.xml:41:5-33
71            android:configChanges="keyboard|keyboardHidden|orientation|screenSize|uiMode"
71-->src/main/AndroidManifest.xml:43:11-88
72            android:label="@string/app_name"
72-->src/main/AndroidManifest.xml:42:11-43
73            android:launchMode="singleTask"
73-->src/main/AndroidManifest.xml:44:11-42
74            android:windowSoftInputMode="adjustResize" >
74-->src/main/AndroidManifest.xml:45:11-53
75            <intent-filter>
75-->src/main/AndroidManifest.xml:46:13-49:29
76                <action android:name="android.intent.action.MAIN" />
76-->src/main/AndroidManifest.xml:47:17-69
76-->src/main/AndroidManifest.xml:47:25-66
77
78                <category android:name="android.intent.category.LAUNCHER" />
78-->src/main/AndroidManifest.xml:48:17-77
78-->src/main/AndroidManifest.xml:48:27-74
79            </intent-filter>
80        </activity>
81        <activity
81-->src/main/AndroidManifest.xml:52:9-86
82            android:name="com.facebook.react.devsupport.DevSettingsActivity"
82-->src/main/AndroidManifest.xml:52:19-83
83            android:exported="false" />
83-->[:react-native-navigation] AndroidManifest.xml:14:13-37
84
85        <meta-data
85-->[:unimodules-react-native-adapter] AndroidManifest.xml:12:9-14:91
86            android:name="org.unimodules.core.AppLoader#react-native-headless"
86-->[:unimodules-react-native-adapter] AndroidManifest.xml:13:13-79
87            android:value="org.unimodules.adapters.react.apploader.RNHeadlessAppLoader" /> <!-- A proxy-service that gives the library an opportunity to do some work before launching/resuming the actual application task. -->
87-->[:unimodules-react-native-adapter] AndroidManifest.xml:14:13-88
88        <service android:name="com.wix.reactnativenotifications.core.ProxyService" />
88-->[:react-native-notifications] AndroidManifest.xml:14:9-86
88-->[:react-native-notifications] AndroidManifest.xml:14:18-83
89        <service android:name="com.wix.reactnativenotifications.fcm.FcmInstanceIdListenerService" >
89-->[:react-native-notifications] AndroidManifest.xml:15:9-20:19
89-->[:react-native-notifications] AndroidManifest.xml:15:18-98
90            <intent-filter>
90-->[:react-native-notifications] AndroidManifest.xml:16:13-19:29
91                <action android:name="com.google.firebase.MESSAGING_EVENT" />
91-->[:react-native-notifications] AndroidManifest.xml:17:17-78
91-->[:react-native-notifications] AndroidManifest.xml:17:25-75
92                <action android:name="com.google.firebase.INSTANCE_ID_EVENT" />
92-->[:react-native-notifications] AndroidManifest.xml:18:17-80
92-->[:react-native-notifications] AndroidManifest.xml:18:25-77
93            </intent-filter>
94        </service>
95        <service
95-->[:react-native-notifications] AndroidManifest.xml:21:9-24:72
96            android:name="com.wix.reactnativenotifications.fcm.FcmInstanceIdRefreshHandlerService"
96-->[:react-native-notifications] AndroidManifest.xml:22:13-99
97            android:exported="false"
97-->[:react-native-notifications] AndroidManifest.xml:23:13-37
98            android:permission="android.permission.BIND_JOB_SERVICE" />
98-->[:react-native-notifications] AndroidManifest.xml:24:13-69
99
100        <provider
100-->[:expo-file-system] AndroidManifest.xml:17:9-26:20
101            android:name="expo.modules.filesystem.FileSystemFileProvider"
101-->[:expo-file-system] AndroidManifest.xml:18:13-74
102            android:authorities="clirn.app.rnnbug.FileSystemFileProvider"
102-->[:expo-file-system] AndroidManifest.xml:19:13-74
103            android:exported="false"
103-->[:expo-file-system] AndroidManifest.xml:20:13-37
104            android:grantUriPermissions="true" >
104-->[:expo-file-system] AndroidManifest.xml:21:13-47
105            <meta-data
105-->[:expo-file-system] AndroidManifest.xml:23:13-25:70
106                android:name="android.support.FILE_PROVIDER_PATHS"
106-->[:expo-file-system] AndroidManifest.xml:24:17-67
107                android:resource="@xml/file_system_provider_paths" />
107-->[:expo-file-system] AndroidManifest.xml:25:17-67
108        </provider>
109
110        <service
110-->[:expo-location] AndroidManifest.xml:16:9-18:40
111            android:name="expo.modules.location.services.LocationTaskService"
111-->[:expo-location] AndroidManifest.xml:17:13-78
112            android:exported="false" /> <!-- https://developer.android.com/guide/topics/manifest/provider-element.html -->
112-->[:expo-location] AndroidManifest.xml:18:13-37
113        <provider
113-->[:expo-mail-composer] AndroidManifest.xml:14:9-22:20
114            android:name="expo.modules.mailcomposer.MailComposerFileProvider"
114-->[:expo-mail-composer] AndroidManifest.xml:15:13-78
115            android:authorities="clirn.app.rnnbug.MailComposerFileProvider"
115-->[:expo-mail-composer] AndroidManifest.xml:16:13-76
116            android:exported="false"
116-->[:expo-mail-composer] AndroidManifest.xml:17:13-37
117            android:grantUriPermissions="true" >
117-->[:expo-mail-composer] AndroidManifest.xml:18:13-47
118            <meta-data
118-->[:expo-file-system] AndroidManifest.xml:23:13-25:70
119                android:name="android.support.FILE_PROVIDER_PATHS"
119-->[:expo-file-system] AndroidManifest.xml:24:17-67
120                android:resource="@xml/mail_composer_provider_paths" />
120-->[:expo-file-system] AndroidManifest.xml:25:17-67
121        </provider>
122        <!--
123             FirebaseMessagingService performs security checks at runtime,
124             but set to not exported to explicitly avoid allowing another app to call it.
125        -->
126        <service
126-->[com.google.firebase:firebase-messaging:20.2.0] AndroidManifest.xml:28:9-35:19
127            android:name="com.google.firebase.messaging.FirebaseMessagingService"
127-->[com.google.firebase:firebase-messaging:20.2.0] AndroidManifest.xml:29:13-82
128            android:directBootAware="true"
128-->[com.google.firebase:firebase-messaging:20.2.0] AndroidManifest.xml:30:13-43
129            android:exported="false" >
129-->[com.google.firebase:firebase-messaging:20.2.0] AndroidManifest.xml:31:13-37
130            <intent-filter android:priority="-500" >
130-->[com.google.firebase:firebase-messaging:20.2.0] AndroidManifest.xml:32:13-34:29
130-->[com.google.firebase:firebase-messaging:20.2.0] AndroidManifest.xml:32:28-51
131                <action android:name="com.google.firebase.MESSAGING_EVENT" />
131-->[:react-native-notifications] AndroidManifest.xml:17:17-78
131-->[:react-native-notifications] AndroidManifest.xml:17:25-75
132            </intent-filter>
133        </service>
134        <service
134-->[com.google.firebase:firebase-messaging:20.2.0] AndroidManifest.xml:36:9-42:19
135            android:name="com.google.firebase.components.ComponentDiscoveryService"
135-->[com.google.firebase:firebase-messaging:20.2.0] AndroidManifest.xml:37:13-84
136            android:directBootAware="true"
136-->[com.google.firebase:firebase-common:19.3.0] AndroidManifest.xml:34:13-43
137            android:exported="false" >
137-->[com.google.firebase:firebase-messaging:20.2.0] AndroidManifest.xml:38:13-37
138            <meta-data
138-->[com.google.firebase:firebase-messaging:20.2.0] AndroidManifest.xml:39:13-41:85
139                android:name="com.google.firebase.components:com.google.firebase.messaging.FirebaseMessagingRegistrar"
139-->[com.google.firebase:firebase-messaging:20.2.0] AndroidManifest.xml:40:17-119
140                android:value="com.google.firebase.components.ComponentRegistrar" />
140-->[com.google.firebase:firebase-messaging:20.2.0] AndroidManifest.xml:41:17-82
141            <meta-data
141-->[com.google.firebase:firebase-datatransport:17.0.3] AndroidManifest.xml:28:13-30:85
142                android:name="com.google.firebase.components:com.google.firebase.datatransport.TransportRegistrar"
142-->[com.google.firebase:firebase-datatransport:17.0.3] AndroidManifest.xml:29:17-115
143                android:value="com.google.firebase.components.ComponentRegistrar" />
143-->[com.google.firebase:firebase-datatransport:17.0.3] AndroidManifest.xml:30:17-82
144            <meta-data
144-->[com.google.firebase:firebase-iid:20.2.0] AndroidManifest.xml:32:13-34:85
145                android:name="com.google.firebase.components:com.google.firebase.iid.Registrar"
145-->[com.google.firebase:firebase-iid:20.2.0] AndroidManifest.xml:33:17-96
146                android:value="com.google.firebase.components.ComponentRegistrar" />
146-->[com.google.firebase:firebase-iid:20.2.0] AndroidManifest.xml:34:17-82
147            <meta-data
147-->[com.google.firebase:firebase-installations:16.3.1] AndroidManifest.xml:17:13-19:85
148                android:name="com.google.firebase.components:com.google.firebase.installations.FirebaseInstallationsRegistrar"
148-->[com.google.firebase:firebase-installations:16.3.1] AndroidManifest.xml:18:17-127
149                android:value="com.google.firebase.components.ComponentRegistrar" />
149-->[com.google.firebase:firebase-installations:16.3.1] AndroidManifest.xml:19:17-82
150        </service>
151        <service
151-->[com.google.android.datatransport:transport-backend-cct:2.2.0] AndroidManifest.xml:29:9-35:19
152            android:name="com.google.android.datatransport.runtime.backends.TransportBackendDiscovery"
152-->[com.google.android.datatransport:transport-backend-cct:2.2.0] AndroidManifest.xml:30:13-103
153            android:exported="false" >
153-->[com.google.android.datatransport:transport-backend-cct:2.2.0] AndroidManifest.xml:31:13-37
154            <meta-data
154-->[com.google.android.datatransport:transport-backend-cct:2.2.0] AndroidManifest.xml:32:13-34:39
155                android:name="backend:com.google.android.datatransport.cct.CctBackendFactory"
155-->[com.google.android.datatransport:transport-backend-cct:2.2.0] AndroidManifest.xml:33:17-94
156                android:value="cct" />
156-->[com.google.android.datatransport:transport-backend-cct:2.2.0] AndroidManifest.xml:34:17-36
157        </service>
158        <service
158-->[com.google.android.datatransport:transport-runtime:2.2.0] AndroidManifest.xml:26:9-30:19
159            android:name="com.google.android.datatransport.runtime.scheduling.jobscheduling.JobInfoSchedulerService"
159-->[com.google.android.datatransport:transport-runtime:2.2.0] AndroidManifest.xml:27:13-117
160            android:exported="false"
160-->[com.google.android.datatransport:transport-runtime:2.2.0] AndroidManifest.xml:28:13-37
161            android:permission="android.permission.BIND_JOB_SERVICE" >
161-->[com.google.android.datatransport:transport-runtime:2.2.0] AndroidManifest.xml:29:13-69
162        </service>
163
164        <receiver
164-->[com.google.android.datatransport:transport-runtime:2.2.0] AndroidManifest.xml:32:9-34:40
165            android:name="com.google.android.datatransport.runtime.scheduling.jobscheduling.AlarmManagerSchedulerBroadcastReceiver"
165-->[com.google.android.datatransport:transport-runtime:2.2.0] AndroidManifest.xml:33:13-132
166            android:exported="false" />
166-->[com.google.android.datatransport:transport-runtime:2.2.0] AndroidManifest.xml:34:13-37
167
168        <meta-data
168-->[com.github.bumptech.glide:okhttp3-integration:4.11.0] AndroidManifest.xml:11:9-13:43
169            android:name="com.bumptech.glide.integration.okhttp3.OkHttpGlideModule"
169-->[com.github.bumptech.glide:okhttp3-integration:4.11.0] AndroidManifest.xml:12:13-84
170            android:value="GlideModule" />
170-->[com.github.bumptech.glide:okhttp3-integration:4.11.0] AndroidManifest.xml:13:13-40
171
172        <receiver
172-->[com.google.firebase:firebase-iid:20.2.0] AndroidManifest.xml:37:9-44:20
173            android:name="com.google.firebase.iid.FirebaseInstanceIdReceiver"
173-->[com.google.firebase:firebase-iid:20.2.0] AndroidManifest.xml:38:13-78
174            android:exported="true"
174-->[com.google.firebase:firebase-iid:20.2.0] AndroidManifest.xml:39:13-36
175            android:permission="com.google.android.c2dm.permission.SEND" >
175-->[com.google.firebase:firebase-iid:20.2.0] AndroidManifest.xml:40:13-73
176            <intent-filter>
176-->[com.google.firebase:firebase-iid:20.2.0] AndroidManifest.xml:41:13-43:29
177                <action android:name="com.google.android.c2dm.intent.RECEIVE" />
177-->[com.google.firebase:firebase-iid:20.2.0] AndroidManifest.xml:42:17-81
177-->[com.google.firebase:firebase-iid:20.2.0] AndroidManifest.xml:42:25-78
178            </intent-filter>
179        </receiver>
180
181        <activity
181-->[com.google.android.gms:play-services-base:17.3.0] AndroidManifest.xml:23:9-26:75
182            android:name="com.google.android.gms.common.api.GoogleApiActivity"
182-->[com.google.android.gms:play-services-base:17.3.0] AndroidManifest.xml:24:13-79
183            android:exported="false"
183-->[com.google.android.gms:play-services-base:17.3.0] AndroidManifest.xml:25:13-37
184            android:theme="@android:style/Theme.Translucent.NoTitleBar" />
184-->[com.google.android.gms:play-services-base:17.3.0] AndroidManifest.xml:26:13-72
185
186        <provider
186-->[com.google.firebase:firebase-common:19.3.0] AndroidManifest.xml:26:9-30:39
187            android:name="com.google.firebase.provider.FirebaseInitProvider"
187-->[com.google.firebase:firebase-common:19.3.0] AndroidManifest.xml:27:13-77
188            android:authorities="clirn.app.rnnbug.firebaseinitprovider"
188-->[com.google.firebase:firebase-common:19.3.0] AndroidManifest.xml:28:13-72
189            android:exported="false"
189-->[com.google.firebase:firebase-common:19.3.0] AndroidManifest.xml:29:13-37
190            android:initOrder="100" />
190-->[com.google.firebase:firebase-common:19.3.0] AndroidManifest.xml:30:13-36
191
192        <meta-data
192-->[com.google.android.gms:play-services-basement:17.3.0] AndroidManifest.xml:23:9-25:69
193            android:name="com.google.android.gms.version"
193-->[com.google.android.gms:play-services-basement:17.3.0] AndroidManifest.xml:24:13-58
194            android:value="@integer/google_play_services_version" />
194-->[com.google.android.gms:play-services-basement:17.3.0] AndroidManifest.xml:25:13-66
195
196        <service
196-->[androidx.room:room-runtime:2.1.0] AndroidManifest.xml:25:9-27:40
197            android:name="androidx.room.MultiInstanceInvalidationService"
197-->[androidx.room:room-runtime:2.1.0] AndroidManifest.xml:26:13-74
198            android:exported="false" />
198-->[androidx.room:room-runtime:2.1.0] AndroidManifest.xml:27:13-37
199        <service
199-->[io.nlopez.smartlocation:library:3.2.11] AndroidManifest.xml:19:9-21:40
200            android:name="io.nlopez.smartlocation.activity.providers.ActivityGooglePlayServicesProvider$ActivityRecognitionService"
200-->[io.nlopez.smartlocation:library:3.2.11] AndroidManifest.xml:20:13-132
201            android:exported="false" />
201-->[io.nlopez.smartlocation:library:3.2.11] AndroidManifest.xml:21:13-37
202        <service
202-->[io.nlopez.smartlocation:library:3.2.11] AndroidManifest.xml:22:9-24:40
203            android:name="io.nlopez.smartlocation.geofencing.providers.GeofencingGooglePlayServicesProvider$GeofencingService"
203-->[io.nlopez.smartlocation:library:3.2.11] AndroidManifest.xml:23:13-127
204            android:exported="false" />
204-->[io.nlopez.smartlocation:library:3.2.11] AndroidManifest.xml:24:13-37
205        <service
205-->[io.nlopez.smartlocation:library:3.2.11] AndroidManifest.xml:25:9-27:40
206            android:name="io.nlopez.smartlocation.geocoding.providers.AndroidGeocodingProvider$AndroidGeocodingService"
206-->[io.nlopez.smartlocation:library:3.2.11] AndroidManifest.xml:26:13-120
207            android:exported="false" /> <!-- The activities will be merged into the manifest of the hosting app. -->
207-->[io.nlopez.smartlocation:library:3.2.11] AndroidManifest.xml:27:13-37
208        <activity
208-->[com.google.android.play:core:1.8.0] AndroidManifest.xml:12:5-271
209            android:name="com.google.android.play.core.missingsplits.PlayCoreMissingSplitsActivity"
209-->[com.google.android.play:core:1.8.0] AndroidManifest.xml:12:15-102
210            android:enabled="false"
210-->[com.google.android.play:core:1.8.0] AndroidManifest.xml:12:103-126
211            android:exported="false"
211-->[com.google.android.play:core:1.8.0] AndroidManifest.xml:12:127-151
212            android:launchMode="singleInstance"
212-->[com.google.android.play:core:1.8.0] AndroidManifest.xml:12:204-239
213            android:process=":playcore_missing_splits_activity"
213-->[com.google.android.play:core:1.8.0] AndroidManifest.xml:12:152-203
214            android:stateNotNeeded="true" />
214-->[com.google.android.play:core:1.8.0] AndroidManifest.xml:12:240-269
215        <activity
215-->[com.google.android.play:core:1.8.0] AndroidManifest.xml:13:5-226
216            android:name="com.google.android.play.core.common.PlayCoreDialogWrapperActivity"
216-->[com.google.android.play:core:1.8.0] AndroidManifest.xml:13:15-95
217            android:enabled="false"
217-->[com.google.android.play:core:1.8.0] AndroidManifest.xml:13:96-119
218            android:exported="false"
218-->[com.google.android.play:core:1.8.0] AndroidManifest.xml:13:120-144
219            android:stateNotNeeded="true"
219-->[com.google.android.play:core:1.8.0] AndroidManifest.xml:13:145-174
220            android:theme="@style/Theme.PlayCore.Transparent" /> <!-- The service will be merged into the manifest of the hosting app. -->
220-->[com.google.android.play:core:1.8.0] AndroidManifest.xml:13:175-224
221        <service
221-->[com.google.android.play:core:1.8.0] AndroidManifest.xml:16:5-145
222            android:name="com.google.android.play.core.assetpacks.AssetPackExtractionService"
222-->[com.google.android.play:core:1.8.0] AndroidManifest.xml:16:14-95
223            android:enabled="false"
223-->[com.google.android.play:core:1.8.0] AndroidManifest.xml:16:96-119
224            android:exported="true" />
224-->[com.google.android.play:core:1.8.0] AndroidManifest.xml:16:120-143
225    </application>
226
227</manifest>